2025-11-11 02:49:43,111 - __main__ - INFO - 🚀 Initializing Integrated Arbitrage Bot...
2025-11-11 02:49:43,111 - __main__ - INFO - Initializing compliance checker...
2025-11-11 02:49:44,893 - compliance_checker - INFO - Access granted for polymarket from KR
2025-11-11 02:49:45,722 - compliance_checker - WARNING - Access denied for kalshi: DENIED: Country not in allowed list: South Korea
2025-11-11 02:49:46,631 - compliance_checker - INFO - Access granted for manifold from KR
2025-11-11 02:49:46,632 - __main__ - INFO - ✅ POLYMARKET: Access granted
2025-11-11 02:49:46,632 - __main__ - WARNING - ❌ KALSHI: DENIED: Country not in allowed list: South Korea
2025-11-11 02:49:46,632 - __main__ - INFO - ✅ MANIFOLD: Access granted
2025-11-11 02:49:46,632 - __main__ - INFO - Initializing WebSocket client...
2025-11-11 02:49:46,633 - polymarket_websocket - INFO - Polymarket WebSocket client initialized
2025-11-11 02:49:46,633 - polymarket_websocket - INFO - Polymarket WebSocket client started
2025-11-11 02:49:47,207 - polymarket_websocket - INFO - Fetched 20 active markets
2025-11-11 02:49:47,207 - polymarket_websocket - INFO - Subscribing to top 10 markets by volume
2025-11-11 02:49:47,207 - __main__ - INFO - Initializing fee-aware calculator...
2025-11-11 02:49:47,207 - __main__ - INFO - Initializing matching engine...
2025-11-11 02:49:47,207 - __main__ - INFO - Initializing alert system...
2025-11-11 02:49:47,207 - __main__ - INFO - Initializing position manager...
2025-11-11 02:49:47,207 - __main__ - INFO - Initializing delta hedge engine...
2025-11-11 02:49:47,207 - __main__ - INFO - Initializing slippage management...
2025-11-11 02:49:47,208 - __main__ - INFO - Initializing dynamic position manager...
2025-11-11 02:49:47,208 - __main__ - INFO - ✅ All components initialized successfully!
2025-11-11 02:49:47,208 - __main__ - INFO - 🟢 Bot started - monitoring for opportunities...
2025-11-11 03:21:38,790 - __main__ - INFO - 🚀 Initializing Integrated Arbitrage Bot...
2025-11-11 03:21:38,790 - __main__ - INFO - Initializing compliance checker...
2025-11-11 03:21:40,579 - compliance_checker - INFO - Access granted for polymarket from KR
2025-11-11 03:21:41,426 - compliance_checker - WARNING - Access denied for kalshi: DENIED: Country not in allowed list: South Korea
2025-11-11 03:21:42,221 - compliance_checker - INFO - Access granted for manifold from KR
2025-11-11 03:21:42,221 - __main__ - INFO - ✅ POLYMARKET: Access granted
2025-11-11 03:21:42,221 - __main__ - WARNING - ❌ KALSHI: DENIED: Country not in allowed list: South Korea
2025-11-11 03:21:42,221 - __main__ - INFO - ✅ MANIFOLD: Access granted
2025-11-11 03:21:42,221 - __main__ - INFO - Initializing WebSocket client...
2025-11-11 03:21:42,221 - polymarket_websocket - INFO - Polymarket WebSocket client initialized
2025-11-11 03:21:42,221 - polymarket_websocket - INFO - Polymarket WebSocket client started
2025-11-11 03:21:42,791 - polymarket_websocket - INFO - Fetched 20 active markets
2025-11-11 03:21:42,791 - polymarket_websocket - INFO - Subscribing to top 10 markets by volume
2025-11-11 03:21:42,791 - __main__ - INFO - Initializing fee-aware calculator...
2025-11-11 03:21:42,791 - __main__ - INFO - Initializing matching engine...
2025-11-11 03:21:42,791 - __main__ - INFO - Initializing alert system...
2025-11-11 03:21:42,791 - __main__ - INFO - Initializing position manager...
2025-11-11 03:21:42,791 - __main__ - INFO - Initializing delta hedge engine...
2025-11-11 03:21:42,791 - __main__ - INFO - Initializing slippage management...
2025-11-11 03:21:42,791 - __main__ - INFO - Initializing dynamic position manager...
2025-11-11 03:21:42,791 - __main__ - INFO - ✅ All components initialized successfully!
2025-11-11 03:21:42,791 - __main__ - INFO - 🟢 Bot started - monitoring for opportunities...
2025-11-11 03:21:57,376 - __main__ - INFO - 🚀 Initializing Integrated Arbitrage Bot...
2025-11-11 03:21:57,376 - __main__ - INFO - Initializing compliance checker...
2025-11-11 03:21:58,976 - compliance_checker - INFO - Access granted for polymarket from KR
2025-11-11 03:21:59,780 - compliance_checker - WARNING - Access denied for kalshi: DENIED: Country not in allowed list: South Korea
2025-11-11 03:22:09,403 - __main__ - INFO - 🚀 Initializing Integrated Arbitrage Bot...
2025-11-11 03:22:09,403 - __main__ - INFO - Initializing compliance checker...
2025-11-11 03:22:11,009 - compliance_checker - INFO - Access granted for polymarket from KR
2025-11-11 03:22:11,869 - compliance_checker - WARNING - Access denied for kalshi: DENIED: Country not in allowed list: South Korea
2025-11-11 03:22:12,650 - compliance_checker - INFO - Access granted for manifold from KR
2025-11-11 03:22:12,651 - __main__ - INFO - ✅ POLYMARKET: Access granted
2025-11-11 03:22:12,651 - __main__ - WARNING - ❌ KALSHI: DENIED: Country not in allowed list: South Korea
2025-11-11 03:22:12,651 - __main__ - INFO - ✅ MANIFOLD: Access granted
2025-11-11 03:22:12,651 - __main__ - INFO - Initializing WebSocket client...
2025-11-11 03:22:12,651 - polymarket_websocket - INFO - Polymarket WebSocket client initialized
2025-11-11 03:22:12,651 - polymarket_websocket - INFO - Polymarket WebSocket client started
2025-11-11 03:22:13,203 - polymarket_websocket - INFO - Fetched 20 active markets
2025-11-11 03:22:13,203 - polymarket_websocket - INFO - Subscribing to top 10 markets by volume
2025-11-11 03:22:13,203 - __main__ - INFO - Initializing fee-aware calculator...
2025-11-11 03:22:13,203 - __main__ - INFO - Initializing matching engine...
2025-11-11 03:22:13,203 - __main__ - INFO - Initializing alert system...
2025-11-11 03:22:13,203 - __main__ - INFO - Initializing position manager...
2025-11-11 03:22:13,203 - __main__ - INFO - Initializing delta hedge engine...
2025-11-11 03:22:13,203 - __main__ - INFO - Initializing slippage management...
2025-11-11 03:22:13,203 - __main__ - INFO - Initializing dynamic position manager...
2025-11-11 03:22:13,203 - __main__ - INFO - ✅ All components initialized successfully!
2025-11-11 03:22:13,203 - __main__ - INFO - 🟢 Bot started - monitoring for opportunities...
